[waydex.volkovdesign.com/index.html]
[waydex.volkovdesign.com/css/bootstrap.min.css]
[waydex.volkovdesign.com/css/splide.min.css]
[waydex.volkovdesign.com/css/slimselect.css]
[waydex.volkovdesign.com/css/main.css]
[waydex.volkovdesign.com/icon/favicon-32x32.png]
[backblue.gif]
[fade.gif]
[index.html]
[waydex.volkovdesign.com/img/logo.svg]
[waydex.volkovdesign.com/index2.html]
[waydex.volkovdesign.com/cars.html]
[waydex.volkovdesign.com/cars2.html]
[waydex.volkovdesign.com/cars3.html]
[waydex.volkovdesign.com/car.html]
[waydex.volkovdesign.com/faq.html]
[waydex.volkovdesign.com/about.html]
[waydex.volkovdesign.com/account.html]
[waydex.volkovdesign.com/blog.html]
[waydex.volkovdesign.com/blog2.html]
[waydex.volkovdesign.com/article.html]
[waydex.volkovdesign.com/pricing.html]
[waydex.volkovdesign.com/contacts.html]
[waydex.volkovdesign.com/signin.html]
[waydex.volkovdesign.com/signup.html]
[waydex.volkovdesign.com/privacy.html]
[waydex.volkovdesign.com/img/cars/1-1.jpg]
[waydex.volkovdesign.com/img/cars/1-2.jpg]
[waydex.volkovdesign.com/img/cars/1-3.jpg]
[waydex.volkovdesign.com/img/cars/2-1.jpg]
[waydex.volkovdesign.com/img/cars/2-2.jpg]
[waydex.volkovdesign.com/img/cars/2-3.jpg]
[waydex.volkovdesign.com/img/cars/3-1.jpg]
[waydex.volkovdesign.com/img/cars/3-2.jpg]
[waydex.volkovdesign.com/img/cars/3-3.jpg]
[waydex.volkovdesign.com/img/cars/4-1.jpg]
[waydex.volkovdesign.com/img/cars/4-2.jpg]
[waydex.volkovdesign.com/img/cars/4-3.jpg]
[waydex.volkovdesign.com/img/cars/5-1.jpg]
[waydex.volkovdesign.com/img/cars/5-2.jpg]
[waydex.volkovdesign.com/img/cars/5-3.jpg]
[waydex.volkovdesign.com/img/cars/6-1.jpg]
[waydex.volkovdesign.com/img/cars/6-2.jpg]
[waydex.volkovdesign.com/img/cars/6-3.jpg]
[waydex.volkovdesign.com/img/posts/8.jpg]
[waydex.volkovdesign.com/img/posts/3.jpg]
[waydex.volkovdesign.com/img/posts/1.jpg]
[waydex.volkovdesign.com/img/posts/4.jpg]
[waydex.volkovdesign.com/img/posts/5.jpg]
[waydex.volkovdesign.com/img/flags/spain.svg]
[waydex.volkovdesign.com/js/bootstrap.bundle.min.js]
[waydex.volkovdesign.com/js/splide.min.js]
[waydex.volkovdesign.com/js/slimselect.min.js]
[waydex.volkovdesign.com/js/smooth-scrollbar.js]
[waydex.volkovdesign.com/index.html]
[waydex.volkovdesign.com/css/bootstrap.min.css]
[waydex.volkovdesign.com/css/splide.min.css]
[waydex.volkovdesign.com/css/slimselect.css]
[waydex.volkovdesign.com/js/main.js]
[waydex.volkovdesign.com/img/home/home.png]
[waydex.volkovdesign.com/css/main.css]
[waydex.volkovdesign.com/img/logo.svg]
[waydex.volkovdesign.com/img/avatars/avatar.jpg]
[waydex.volkovdesign.com/img/avatars/avatar2.jpg]
[waydex.volkovdesign.com/img/avatars/avatar3.jpg]
[waydex.volkovdesign.com/img/avatars/avatar4.jpg]
[waydex.volkovdesign.com/img/avatars/avatar5.jpg]
[waydex.volkovdesign.com/index2.html]
[waydex.volkovdesign.com/cars.html]
[waydex.volkovdesign.com/cars2.html]
[waydex.volkovdesign.com/cars3.html]
[waydex.volkovdesign.com/img/cars/1-1-big.jpg]
[waydex.volkovdesign.com/img/cars/1-2-big.jpg]
[waydex.volkovdesign.com/img/cars/1-3-big.jpg]
[waydex.volkovdesign.com/img/cars/1-4-big.jpg]
[waydex.volkovdesign.com/img/cars/1-4.jpg]
[waydex.volkovdesign.com/car.html]
[waydex.volkovdesign.com/faq.html]
[waydex.volkovdesign.com/img/team/team1.jpg]
[waydex.volkovdesign.com/img/team/team2.jpg]
[waydex.volkovdesign.com/img/team/team3.jpg]
[waydex.volkovdesign.com/img/team/team4.jpg]
[waydex.volkovdesign.com/about.html]
[waydex.volkovdesign.com/account.html]
[waydex.volkovdesign.com/img/posts/6.jpg]
[waydex.volkovdesign.com/img/posts/2.jpg]
[waydex.volkovdesign.com/img/posts/9.jpg]
[waydex.volkovdesign.com/img/posts/10.jpg]
[waydex.volkovdesign.com/img/posts/11.jpg]
[waydex.volkovdesign.com/img/posts/12.jpg]
[waydex.volkovdesign.com/img/posts/7.jpg]
[waydex.volkovdesign.com/blog.html]
[waydex.volkovdesign.com/blog2.html]
[waydex.volkovdesign.com/img/posts/article.jpg]
[waydex.volkovdesign.com/article.html]
[waydex.volkovdesign.com/img/partners/3docean-center.png]
[waydex.volkovdesign.com/img/partners/audiojungle-center.png]
[waydex.volkovdesign.com/img/partners/codecanyon-center.png]
[waydex.volkovdesign.com/img/partners/graphicriver-center.png]
[waydex.volkovdesign.com/img/partners/photodune-center.png]
[waydex.volkovdesign.com/img/partners/themeforest-center.png]
[waydex.volkovdesign.com/img/partners/videohive-center.png]
[waydex.volkovdesign.com/pricing.html]
[waydex.volkovdesign.com/contacts.html]
[waydex.volkovdesign.com/img/bg/bg.png]
[waydex.volkovdesign.com/signin.html]
[waydex.volkovdesign.com/signup.html]
[waydex.volkovdesign.com/forgot.html]
[waydex.volkovdesign.com/404.html]
[waydex.volkovdesign.com/privacy.html]
[waydex.volkovdesign.com/img/flags/uk.svg]
[waydex.volkovdesign.com/img/flags/spain.svg]
[waydex.volkovdesign.com/img/flags/france.svg]
[waydex.volkovdesign.com/img/flags/china.svg]
[waydex.volkovdesign.com/index-2.html]
[waydex.volkovdesign.com/img/breadcrumb.svg]
[waydex.volkovdesign.com/img/arrow2.html]
[waydex.volkovdesign.com/img/avatar.svg]
